2023-08-09 17:57:47+0300:INFO:Program has started!
2023-08-09 17:57:48+0300:INFO:Training model...
2023-08-09 17:58:02+0300:INFO:Model is trained
2023-08-09 17:58:03+0300:INFO:Test Mean Squared Error: 0.6430725455284119
2023-08-09 17:58:03+0300:INFO:Using tensorflow=2.12.1, onnx=1.14.0, tf2onnx=1.14.0/8f8d49
2023-08-09 17:58:03+0300:INFO:Using opset <onnx, 13>
2023-08-09 17:58:03+0300:INFO:Computed 0 values for constant folding
2023-08-09 17:58:03+0300:INFO:Computed 0 values for constant folding
2023-08-09 17:58:03+0300:INFO:Computed 1 values for constant folding
2023-08-09 17:58:03+0300:INFO:folding node using tf type=StridedSlice, name=sequential/lstm/PartitionedCall/strided_slice
2023-08-09 17:58:03+0300:INFO:Optimizing ONNX model
2023-08-09 17:58:03+0300:INFO:After optimization: Cast -1 (3->2), Concat -1 (2->1), Const -20 (37->17), Expand -1 (2->1), Identity -2 (2->0), Squeeze -1 (3->2), Unsqueeze -5 (6->1)
2023-08-09 17:58:03+0300:INFO:Program has ended!
2023-08-09 17:58:45+0300:INFO:Program has started!
2023-08-09 17:58:46+0300:INFO:Training model...
2023-08-09 18:01:52+0300:INFO:Model is trained
2023-08-09 18:01:53+0300:INFO:Test Mean Squared Error: 0.9108995199203491
2023-08-09 18:01:53+0300:INFO:Using tensorflow=2.12.1, onnx=1.14.0, tf2onnx=1.14.0/8f8d49
2023-08-09 18:01:53+0300:INFO:Using opset <onnx, 13>
2023-08-09 18:01:53+0300:INFO:Computed 0 values for constant folding
2023-08-09 18:01:53+0300:INFO:Computed 0 values for constant folding
2023-08-09 18:01:53+0300:INFO:Computed 1 values for constant folding
2023-08-09 18:01:53+0300:INFO:folding node using tf type=StridedSlice, name=sequential/lstm/PartitionedCall/strided_slice
2023-08-09 18:01:53+0300:INFO:Optimizing ONNX model
2023-08-09 18:01:53+0300:INFO:After optimization: Cast -1 (3->2), Concat -1 (2->1), Const -20 (37->17), Expand -1 (2->1), Identity -2 (2->0), Squeeze -1 (3->2), Unsqueeze -5 (6->1)
2023-08-09 18:01:53+0300:INFO:Program has ended!
2023-08-10 11:55:38+0300:INFO:Program has started!
2023-08-10 11:55:39+0300:INFO:Training model...
2023-08-10 11:55:57+0300:INFO:Model is trained
2023-08-10 11:55:57+0300:INFO:Test Mean Squared Error: 0.976047933101654
2023-08-10 11:55:58+0300:INFO:Using tensorflow=2.12.1, onnx=1.14.0, tf2onnx=1.14.0/8f8d49
2023-08-10 11:55:58+0300:INFO:Using opset <onnx, 13>
2023-08-10 11:55:58+0300:INFO:Computed 0 values for constant folding
2023-08-10 11:55:58+0300:INFO:Computed 0 values for constant folding
2023-08-10 11:55:58+0300:INFO:Computed 1 values for constant folding
2023-08-10 11:55:58+0300:INFO:folding node using tf type=StridedSlice, name=sequential/lstm/PartitionedCall/strided_slice
2023-08-10 11:55:58+0300:INFO:Optimizing ONNX model
2023-08-10 11:55:58+0300:INFO:After optimization: Cast -1 (3->2), Concat -1 (2->1), Const -20 (37->17), Expand -1 (2->1), Identity -2 (2->0), Squeeze -1 (3->2), Unsqueeze -5 (6->1)
2023-08-10 11:55:58+0300:INFO:Program has ended!
2023-08-10 16:57:29+0300:INFO:Program has started!
2023-08-10 16:57:31+0300:INFO:Training model...
2023-08-10 16:57:46+0300:INFO:Model is trained
2023-08-10 16:57:46+0300:INFO:Test Mean Squared Error: 0.7249193787574768
2023-08-10 16:57:46+0300:INFO:Using tensorflow=2.12.1, onnx=1.14.0, tf2onnx=1.14.0/8f8d49
2023-08-10 16:57:46+0300:INFO:Using opset <onnx, 13>
2023-08-10 16:57:46+0300:INFO:Computed 0 values for constant folding
2023-08-10 16:57:46+0300:INFO:Computed 0 values for constant folding
2023-08-10 16:57:46+0300:INFO:Computed 1 values for constant folding
2023-08-10 16:57:46+0300:INFO:folding node using tf type=StridedSlice, name=sequential/lstm/PartitionedCall/strided_slice
2023-08-10 16:57:46+0300:INFO:Optimizing ONNX model
2023-08-10 16:57:46+0300:INFO:After optimization: Cast -1 (3->2), Concat -1 (2->1), Const -20 (37->17), Expand -1 (2->1), Identity -2 (2->0), Squeeze -1 (3->2), Unsqueeze -5 (6->1)
2023-08-10 16:57:46+0300:INFO:Program has ended!
2023-08-10 17:23:47+0300:INFO:Program has started!
2023-08-10 17:23:48+0300:INFO:Training model...
2023-08-10 17:24:03+0300:INFO:Model is trained
2023-08-10 17:24:03+0300:INFO:Test Mean Squared Error: 0.693755567073822
2023-08-10 17:24:03+0300:INFO:Using tensorflow=2.12.1, onnx=1.14.0, tf2onnx=1.14.0/8f8d49
2023-08-10 17:24:03+0300:INFO:Using opset <onnx, 13>
2023-08-10 17:24:03+0300:INFO:Computed 0 values for constant folding
2023-08-10 17:24:03+0300:INFO:Computed 0 values for constant folding
2023-08-10 17:24:03+0300:INFO:Computed 1 values for constant folding
2023-08-10 17:24:03+0300:INFO:folding node using tf type=StridedSlice, name=sequential/lstm/PartitionedCall/strided_slice
2023-08-10 17:24:03+0300:INFO:Optimizing ONNX model
2023-08-10 17:24:03+0300:INFO:After optimization: Cast -1 (3->2), Concat -1 (2->1), Const -20 (37->17), Expand -1 (2->1), Identity -2 (2->0), Squeeze -1 (3->2), Unsqueeze -5 (6->1)
2023-08-10 17:24:03+0300:INFO:Program has ended!
2023-08-11 17:22:21+0300:INFO:Program has started!
2023-08-11 17:22:23+0300:INFO:Training model...
2023-08-11 17:22:36+0300:INFO:Model is trained
2023-08-11 17:22:36+0300:INFO:Test Mean Squared Error: 0.8459859490394592
2023-08-11 17:22:36+0300:INFO:Using tensorflow=2.12.1, onnx=1.14.0, tf2onnx=1.14.0/8f8d49
2023-08-11 17:22:36+0300:INFO:Using opset <onnx, 13>
2023-08-11 17:22:36+0300:INFO:Computed 0 values for constant folding
2023-08-11 17:22:36+0300:INFO:Computed 0 values for constant folding
2023-08-11 17:22:36+0300:INFO:Computed 1 values for constant folding
2023-08-11 17:22:36+0300:INFO:folding node using tf type=StridedSlice, name=sequential/lstm/PartitionedCall/strided_slice
2023-08-11 17:22:36+0300:INFO:Optimizing ONNX model
2023-08-11 17:22:37+0300:INFO:After optimization: Cast -1 (3->2), Concat -1 (2->1), Const -20 (37->17), Expand -1 (2->1), Identity -2 (2->0), Squeeze -1 (3->2), Unsqueeze -5 (6->1)
2023-08-11 17:22:37+0300:ERROR:Pickling client objects is explicitly not supported.
Clients have non-trivial state that is local and unpickleable.
2023-08-11 17:22:37+0300:INFO:Program has ended!
2023-08-11 17:29:11+0300:INFO:Program has started!
2023-08-11 17:29:13+0300:INFO:Training model...
2023-08-11 17:29:25+0300:INFO:Model is trained
2023-08-11 17:29:25+0300:INFO:Test Mean Squared Error: 0.7623781561851501
2023-08-11 17:29:25+0300:INFO:Using tensorflow=2.12.1, onnx=1.14.0, tf2onnx=1.14.0/8f8d49
2023-08-11 17:29:25+0300:INFO:Using opset <onnx, 13>
2023-08-11 17:29:25+0300:INFO:Computed 0 values for constant folding
2023-08-11 17:29:25+0300:INFO:Computed 0 values for constant folding
2023-08-11 17:29:25+0300:INFO:Computed 1 values for constant folding
2023-08-11 17:29:25+0300:INFO:folding node using tf type=StridedSlice, name=sequential/lstm/PartitionedCall/strided_slice
2023-08-11 17:29:25+0300:INFO:Optimizing ONNX model
2023-08-11 17:29:26+0300:INFO:After optimization: Cast -1 (3->2), Concat -1 (2->1), Const -20 (37->17), Expand -1 (2->1), Identity -2 (2->0), Squeeze -1 (3->2), Unsqueeze -5 (6->1)
2023-08-11 17:29:26+0300:INFO:Program has ended!
2023-08-11 18:02:20+0300:INFO:Program has started!
2023-08-11 18:02:21+0300:INFO:Training model...
2023-08-11 18:02:33+0300:INFO:Model is trained
2023-08-11 18:02:33+0300:INFO:Test Mean Squared Error: 0.954912543296814
2023-08-11 18:02:34+0300:INFO:Using tensorflow=2.12.1, onnx=1.14.0, tf2onnx=1.14.0/8f8d49
2023-08-11 18:02:34+0300:INFO:Using opset <onnx, 13>
2023-08-11 18:02:34+0300:INFO:Computed 0 values for constant folding
2023-08-11 18:02:34+0300:INFO:Computed 0 values for constant folding
2023-08-11 18:02:34+0300:INFO:Computed 1 values for constant folding
2023-08-11 18:02:34+0300:INFO:folding node using tf type=StridedSlice, name=sequential/lstm/PartitionedCall/strided_slice
2023-08-11 18:02:34+0300:INFO:Optimizing ONNX model
2023-08-11 18:02:34+0300:INFO:After optimization: Cast -1 (3->2), Concat -1 (2->1), Const -20 (37->17), Expand -1 (2->1), Identity -2 (2->0), Squeeze -1 (3->2), Unsqueeze -5 (6->1)
2023-08-11 18:02:34+0300:INFO:Program has ended!
2023-08-11 18:15:49+0300:INFO:Program has started!
2023-08-11 18:15:50+0300:INFO:Training model...
2023-08-11 18:16:09+0300:INFO:Model is trained
2023-08-11 18:16:09+0300:INFO:Test Mean Squared Error: 0.7069730758666992
2023-08-11 18:16:09+0300:INFO:Using tensorflow=2.12.1, onnx=1.14.0, tf2onnx=1.14.0/8f8d49
2023-08-11 18:16:09+0300:INFO:Using opset <onnx, 13>
2023-08-11 18:16:09+0300:INFO:Computed 0 values for constant folding
2023-08-11 18:16:09+0300:INFO:Computed 0 values for constant folding
2023-08-11 18:16:09+0300:INFO:Computed 1 values for constant folding
2023-08-11 18:16:09+0300:INFO:folding node using tf type=StridedSlice, name=sequential/lstm/PartitionedCall/strided_slice
2023-08-11 18:16:09+0300:INFO:Optimizing ONNX model
2023-08-11 18:16:09+0300:INFO:After optimization: Cast -1 (3->2), Concat -1 (2->1), Const -20 (37->17), Expand -1 (2->1), Identity -2 (2->0), Squeeze -1 (3->2), Unsqueeze -5 (6->1)
2023-08-11 18:16:09+0300:INFO:Program has ended!
2023-08-11 18:17:20+0300:INFO:Program has started!
2023-08-11 18:17:21+0300:INFO:Training model...
2023-08-11 18:17:33+0300:INFO:Model is trained
2023-08-11 18:17:33+0300:INFO:Test Mean Squared Error: 0.925254762172699
2023-08-11 18:17:34+0300:INFO:Using tensorflow=2.12.1, onnx=1.14.0, tf2onnx=1.14.0/8f8d49
2023-08-11 18:17:34+0300:INFO:Using opset <onnx, 13>
2023-08-11 18:17:34+0300:INFO:Computed 0 values for constant folding
2023-08-11 18:17:34+0300:INFO:Computed 0 values for constant folding
2023-08-11 18:17:34+0300:INFO:Computed 1 values for constant folding
2023-08-11 18:17:34+0300:INFO:folding node using tf type=StridedSlice, name=sequential/lstm/PartitionedCall/strided_slice
2023-08-11 18:17:34+0300:INFO:Optimizing ONNX model
2023-08-11 18:17:34+0300:INFO:After optimization: Cast -1 (3->2), Concat -1 (2->1), Const -20 (37->17), Expand -1 (2->1), Identity -2 (2->0), Squeeze -1 (3->2), Unsqueeze -5 (6->1)
2023-08-11 18:17:34+0300:INFO:Program has ended!
2023-08-14 20:24:00+0300:INFO:Program has started!
2023-08-14 20:24:01+0300:INFO:Training model...
2023-08-14 20:24:04+0300:INFO:Program has ended!
2023-08-14 20:24:11+0300:INFO:Program has started!
2023-08-14 20:24:13+0300:INFO:Training model...
2023-08-14 20:24:27+0300:INFO:Model is trained
2023-08-14 20:24:27+0300:INFO:Test Mean Squared Error: 0.763861358165741
2023-08-14 20:24:28+0300:INFO:Using tensorflow=2.12.1, onnx=1.14.0, tf2onnx=1.14.0/8f8d49
2023-08-14 20:24:28+0300:INFO:Using opset <onnx, 13>
2023-08-14 20:24:28+0300:INFO:Computed 0 values for constant folding
2023-08-14 20:24:28+0300:INFO:Computed 0 values for constant folding
2023-08-14 20:24:28+0300:INFO:Computed 1 values for constant folding
2023-08-14 20:24:28+0300:INFO:folding node using tf type=StridedSlice, name=sequential/lstm/PartitionedCall/strided_slice
2023-08-14 20:24:28+0300:INFO:Optimizing ONNX model
2023-08-14 20:24:28+0300:INFO:After optimization: Cast -1 (3->2), Concat -1 (2->1), Const -20 (37->17), Expand -1 (2->1), Identity -2 (2->0), Squeeze -1 (3->2), Unsqueeze -5 (6->1)
2023-08-14 20:24:28+0300:INFO:Program has ended!
2023-08-14 20:25:10+0300:INFO:Program has started!
2023-08-14 20:25:11+0300:INFO:Training model...
2023-08-14 20:25:25+0300:INFO:Model is trained
2023-08-14 20:25:25+0300:INFO:Test Mean Squared Error: 0.8063034415245056
2023-08-14 20:25:26+0300:INFO:Using tensorflow=2.12.1, onnx=1.14.0, tf2onnx=1.14.0/8f8d49
2023-08-14 20:25:26+0300:INFO:Using opset <onnx, 13>
2023-08-14 20:25:26+0300:INFO:Computed 0 values for constant folding
2023-08-14 20:25:26+0300:INFO:Computed 0 values for constant folding
2023-08-14 20:25:26+0300:INFO:Computed 1 values for constant folding
2023-08-14 20:25:26+0300:INFO:folding node using tf type=StridedSlice, name=sequential/lstm/PartitionedCall/strided_slice
2023-08-14 20:25:26+0300:INFO:Optimizing ONNX model
2023-08-14 20:25:26+0300:INFO:After optimization: Cast -1 (3->2), Concat -1 (2->1), Const -20 (37->17), Expand -1 (2->1), Identity -2 (2->0), Squeeze -1 (3->2), Unsqueeze -5 (6->1)
2023-08-14 20:25:26+0300:INFO:Program has ended!
2023-08-14 20:25:56+0300:INFO:Program has started!
2023-08-14 20:25:57+0300:INFO:Training model...
2023-08-14 20:26:11+0300:INFO:Model is trained
2023-08-14 20:26:12+0300:INFO:Test Mean Squared Error: 0.7576349377632141
2023-08-14 20:26:12+0300:INFO:Using tensorflow=2.12.1, onnx=1.14.0, tf2onnx=1.14.0/8f8d49
2023-08-14 20:26:12+0300:INFO:Using opset <onnx, 13>
2023-08-14 20:26:12+0300:INFO:Computed 0 values for constant folding
2023-08-14 20:26:12+0300:INFO:Computed 0 values for constant folding
2023-08-14 20:26:12+0300:INFO:Computed 1 values for constant folding
2023-08-14 20:26:12+0300:INFO:folding node using tf type=StridedSlice, name=sequential/lstm/PartitionedCall/strided_slice
2023-08-14 20:26:12+0300:INFO:Optimizing ONNX model
2023-08-14 20:26:12+0300:INFO:After optimization: Cast -1 (3->2), Concat -1 (2->1), Const -20 (37->17), Expand -1 (2->1), Identity -2 (2->0), Squeeze -1 (3->2), Unsqueeze -5 (6->1)
2023-08-14 20:26:12+0300:INFO:Program has ended!
2023-08-14 20:26:32+0300:INFO:Program has started!
2023-08-14 20:26:33+0300:INFO:Training model...
2023-08-14 20:26:47+0300:INFO:Model is trained
2023-08-14 20:26:48+0300:INFO:Test Mean Squared Error: 0.6679664254188538
2023-08-14 20:26:48+0300:INFO:Using tensorflow=2.12.1, onnx=1.14.0, tf2onnx=1.14.0/8f8d49
2023-08-14 20:26:48+0300:INFO:Using opset <onnx, 13>
2023-08-14 20:26:48+0300:INFO:Computed 0 values for constant folding
2023-08-14 20:26:48+0300:INFO:Computed 0 values for constant folding
2023-08-14 20:26:48+0300:INFO:Computed 1 values for constant folding
2023-08-14 20:26:48+0300:INFO:folding node using tf type=StridedSlice, name=sequential/lstm/PartitionedCall/strided_slice
2023-08-14 20:26:48+0300:INFO:Optimizing ONNX model
2023-08-14 20:26:48+0300:INFO:After optimization: Cast -1 (3->2), Concat -1 (2->1), Const -20 (37->17), Expand -1 (2->1), Identity -2 (2->0), Squeeze -1 (3->2), Unsqueeze -5 (6->1)
2023-08-14 20:26:48+0300:INFO:Program has ended!
2023-08-14 20:28:07+0300:INFO:Program has started!
2023-08-14 20:28:08+0300:ERROR:name 'os' is not defined
2023-08-14 20:28:08+0300:INFO:Program has ended!
2023-08-14 20:28:27+0300:INFO:Program has started!
2023-08-14 20:28:28+0300:INFO:Training model...
2023-08-14 20:28:42+0300:INFO:Model is trained
2023-08-14 20:28:42+0300:INFO:Test Mean Squared Error: 0.9523906111717224
2023-08-14 20:28:43+0300:INFO:Using tensorflow=2.12.1, onnx=1.14.0, tf2onnx=1.14.0/8f8d49
2023-08-14 20:28:43+0300:INFO:Using opset <onnx, 13>
2023-08-14 20:28:43+0300:INFO:Computed 0 values for constant folding
2023-08-14 20:28:43+0300:INFO:Computed 0 values for constant folding
2023-08-14 20:28:43+0300:INFO:Computed 1 values for constant folding
2023-08-14 20:28:43+0300:INFO:folding node using tf type=StridedSlice, name=sequential/lstm/PartitionedCall/strided_slice
2023-08-14 20:28:43+0300:INFO:Optimizing ONNX model
2023-08-14 20:28:43+0300:INFO:After optimization: Cast -1 (3->2), Concat -1 (2->1), Const -20 (37->17), Expand -1 (2->1), Identity -2 (2->0), Squeeze -1 (3->2), Unsqueeze -5 (6->1)
2023-08-14 20:28:43+0300:INFO:Program has ended!
2023-08-14 20:30:41+0300:INFO:Program has started!
2023-08-14 20:30:43+0300:INFO:Training model...
2023-08-14 20:30:57+0300:INFO:Model is trained
2023-08-14 20:30:57+0300:INFO:Test Mean Squared Error: 0.7534777522087097
2023-08-14 20:30:58+0300:INFO:Using tensorflow=2.12.1, onnx=1.14.0, tf2onnx=1.14.0/8f8d49
2023-08-14 20:30:58+0300:INFO:Using opset <onnx, 13>
2023-08-14 20:30:58+0300:INFO:Computed 0 values for constant folding
2023-08-14 20:30:58+0300:INFO:Computed 0 values for constant folding
2023-08-14 20:30:58+0300:INFO:Computed 1 values for constant folding
2023-08-14 20:30:58+0300:INFO:folding node using tf type=StridedSlice, name=sequential/lstm/PartitionedCall/strided_slice
2023-08-14 20:30:58+0300:INFO:Optimizing ONNX model
2023-08-14 20:30:58+0300:INFO:After optimization: Cast -1 (3->2), Concat -1 (2->1), Const -20 (37->17), Expand -1 (2->1), Identity -2 (2->0), Squeeze -1 (3->2), Unsqueeze -5 (6->1)
2023-08-14 20:30:58+0300:INFO:Program has ended!
2023-08-14 20:33:56+0300:INFO:Program has started!
2023-08-14 20:33:57+0300:INFO:Training model...
2023-08-14 20:34:11+0300:INFO:Model is trained
2023-08-14 20:34:11+0300:INFO:Test Mean Squared Error: 0.9367695450782776
2023-08-14 20:34:12+0300:INFO:Using tensorflow=2.12.1, onnx=1.14.0, tf2onnx=1.14.0/8f8d49
2023-08-14 20:34:12+0300:INFO:Using opset <onnx, 13>
2023-08-14 20:34:12+0300:INFO:Computed 0 values for constant folding
2023-08-14 20:34:12+0300:INFO:Computed 0 values for constant folding
2023-08-14 20:34:12+0300:INFO:Computed 1 values for constant folding
2023-08-14 20:34:12+0300:INFO:folding node using tf type=StridedSlice, name=sequential/lstm/PartitionedCall/strided_slice
2023-08-14 20:34:12+0300:INFO:Optimizing ONNX model
2023-08-14 20:34:12+0300:INFO:After optimization: Cast -1 (3->2), Concat -1 (2->1), Const -20 (37->17), Expand -1 (2->1), Identity -2 (2->0), Squeeze -1 (3->2), Unsqueeze -5 (6->1)
2023-08-14 20:34:12+0300:INFO:Program has ended!
2023-08-14 21:16:36+0300:INFO:Program has started!
2023-08-14 21:16:37+0300:INFO:Training model...
2023-08-14 21:16:50+0300:INFO:Model is trained
2023-08-14 21:16:50+0300:INFO:Test Mean Squared Error: 0.8268768191337585
2023-08-14 21:16:50+0300:INFO:Using tensorflow=2.12.1, onnx=1.14.0, tf2onnx=1.14.0/8f8d49
2023-08-14 21:16:50+0300:INFO:Using opset <onnx, 13>
2023-08-14 21:16:50+0300:INFO:Computed 0 values for constant folding
2023-08-14 21:16:50+0300:INFO:Computed 0 values for constant folding
2023-08-14 21:16:50+0300:INFO:Computed 1 values for constant folding
2023-08-14 21:16:50+0300:INFO:folding node using tf type=StridedSlice, name=sequential/lstm/PartitionedCall/strided_slice
2023-08-14 21:16:51+0300:INFO:Optimizing ONNX model
2023-08-14 21:16:51+0300:INFO:After optimization: Cast -1 (3->2), Concat -1 (2->1), Const -20 (37->17), Expand -1 (2->1), Identity -2 (2->0), Squeeze -1 (3->2), Unsqueeze -5 (6->1)
2023-08-14 21:16:51+0300:INFO:Program has ended!
